{"/workspace/goorm-ide-test/TheWebDeveloperBootcamp/YelpCamp/models/campground.js": {"path":"/workspace/goorm-ide-test/TheWebDeveloperBootcamp/YelpCamp/models/campground.js","statementMap":{"0":{"start":{"line":1,"column":15},"end":{"line":1,"column":34}},"1":{"start":{"line":5,"column":23},"end":{"line":41,"column":2}},"2":{"start":{"line":43,"column":16},"end":{"line":43,"column":36}},"3":{"start":{"line":44,"column":0},"end":{"line":50,"column":3}},"4":{"start":{"line":45,"column":1},"end":{"line":49,"column":4}},"5":{"start":{"line":53,"column":17},"end":{"line":53,"column":63}},"6":{"start":{"line":55,"column":0},"end":{"line":55,"column":64}}},"fnMap":{"0":{"name":"(anonymous_0)","decl":{"start":{"line":44,"column":31},"end":{"line":44,"column":32}},"loc":{"start":{"line":44,"column":48},"end":{"line":50,"column":1}},"line":44}},"branchMap":{},"s":{"0":1,"1":1,"2":1,"3":1,"4":0,"5":1,"6":1},"f":{"0":0},"b":{},"_coverageSchema":"1a1c01bbd47fc00a2c39e90264f33305004495a9","hash":"acd2d074aac2b7de1aa4243575add157ed378112"}
,"/workspace/goorm-ide-test/TheWebDeveloperBootcamp/YelpCamp/models/comment.js": {"path":"/workspace/goorm-ide-test/TheWebDeveloperBootcamp/YelpCamp/models/comment.js","statementMap":{"0":{"start":{"line":1,"column":16},"end":{"line":1,"column":35}},"1":{"start":{"line":4,"column":20},"end":{"line":17,"column":2}},"2":{"start":{"line":19,"column":0},"end":{"line":19,"column":58}}},"fnMap":{},"branchMap":{},"s":{"0":1,"1":1,"2":1},"f":{},"b":{},"_coverageSchema":"1a1c01bbd47fc00a2c39e90264f33305004495a9","hash":"134ddfa6b07dd4eac208edc09b83de570121960a"}
,"/workspace/goorm-ide-test/TheWebDeveloperBootcamp/YelpCamp/models/review.js": {"path":"/workspace/goorm-ide-test/TheWebDeveloperBootcamp/YelpCamp/models/review.js","statementMap":{"0":{"start":{"line":1,"column":15},"end":{"line":1,"column":34}},"1":{"start":{"line":3,"column":19},"end":{"line":40,"column":2}},"2":{"start":{"line":42,"column":0},"end":{"line":42,"column":56}}},"fnMap":{},"branchMap":{},"s":{"0":1,"1":1,"2":1},"f":{},"b":{},"_coverageSchema":"1a1c01bbd47fc00a2c39e90264f33305004495a9","hash":"87d94cc3a8006b40af525217c8e7e03435b507c1"}
,"/workspace/goorm-ide-test/TheWebDeveloperBootcamp/YelpCamp/models/user.js": {"path":"/workspace/goorm-ide-test/TheWebDeveloperBootcamp/YelpCamp/models/user.js","statementMap":{"0":{"start":{"line":1,"column":15},"end":{"line":1,"column":34}},"1":{"start":{"line":2,"column":28},"end":{"line":2,"column":62}},"2":{"start":{"line":4,"column":17},"end":{"line":13,"column":2}},"3":{"start":{"line":15,"column":0},"end":{"line":15,"column":41}},"4":{"start":{"line":17,"column":0},"end":{"line":17,"column":52}}},"fnMap":{},"branchMap":{},"s":{"0":1,"1":1,"2":1,"3":1,"4":1},"f":{},"b":{},"_coverageSchema":"1a1c01bbd47fc00a2c39e90264f33305004495a9","hash":"fe1b958baa8bb7e89a2aa67bb216549d4883d095"}
}
